<?xml version="1.0" encoding="UTF-8" ?>
<testsuite failures="0" time="0.717" errors="0" skipped="0" tests="0" name="TestSuite">
  <properties>
    <property name="java.runtime.name" value="Java(TM) SE Runtime Environment"/>
    <property name="sun.boot.library.path" value="C:\Program Files\Java\jdk1.6.0_10\jre\bin"/>
    <property name="java.vm.version" value="11.0-b15"/>
    <property name="java.vm.vendor" value="Sun Microsystems Inc."/>
    <property name="java.vendor.url" value="http://java.sun.com/"/>
    <property name="path.separator" value=";"/>
    <property name="java.vm.name" value="Java HotSpot(TM) Client VM"/>
    <property name="file.encoding.pkg" value="sun.io"/>
    <property name="user.country" value="CN"/>
    <property name="sun.java.launcher" value="SUN_STANDARD"/>
    <property name="sun.os.patch.level" value="Service Pack 1"/>
    <property name="java.vm.specification.name" value="Java Virtual Machine Specification"/>
    <property name="user.dir" value="F:\redcode_source\ares\ares-activiti"/>
    <property name="java.runtime.version" value="1.6.0_10-rc2-b32"/>
    <property name="java.awt.graphicsenv" value="sun.awt.Win32GraphicsEnvironment"/>
    <property name="basedir" value="F:\redcode_source\ares\ares-activiti"/>
    <property name="java.endorsed.dirs" value="C:\Program Files\Java\jdk1.6.0_10\jre\lib\endorsed"/>
    <property name="os.arch" value="x86"/>
    <property name="surefire.real.class.path" value="F:\redcode_source\ares\ares-activiti\target\surefire\surefirebooter7617.jar"/>
    <property name="java.io.tmpdir" value="C:\Users\MG\AppData\Local\Temp\"/>
    <property name="line.separator" value="
"/>
    <property name="java.vm.specification.vendor" value="Sun Microsystems Inc."/>
    <property name="user.variant" value=""/>
    <property name="tapestry.execution-mode" value="Qa"/>
    <property name="os.name" value="Windows Vista"/>
    <property name="sun.jnu.encoding" value="GBK"/>
    <property name="java.library.path" value="C:\Program Files\Java\jdk1.6.0_10\jre\bin;.;C:\Windows\Sun\Java\bin;C:\Windows\system32;C:\Windows;C:/Program Files/Java/jre6/bin/client;C:/Program Files/Java/jre6/bin;C:/Program Files/Java/jre6/lib/i386;D:\Program Files\cygwin\bin;C:\Program Files\Intel\iCLS Client\;C:\Windows\system32;C:\Windows;C:\Windows\System32\Wbem;C:\Windows\System32\WindowsPowerShell\v1.0\;c:\Program Files\Common Files\Ulead Systems\MPEG;D:\MySQL\bin;D:\Program Files\TortoiseSVN\bin;D:\Program Files Ani\QuickTime\QTSystem\;C:\Program Files\Java\jdk1.6.0_10\bin;%CATALINA_HOME%/bin;C:\Program Files\Java\jdk1.6.0_10/jre/bin;D:\Program Files\apache-maven-3.0.5\bin;D:\Program Files\gradle-1.6/bin;D:\eclipse-jee-juno-SR2-win32;"/>
    <property name="surefire.test.class.path" value="F:\redcode_source\ares\ares-activiti\target\test-classes;F:\redcode_source\ares\ares-activiti\target\classes;D:\Program Files\devlop\.m2\repository\org\apache\tapestry\tapestry-core\5.3.7\tapestry-core-5.3.7.jar;D:\Program Files\devlop\.m2\repository\org\antlr\antlr-runtime\3.3\antlr-runtime-3.3.jar;D:\Program Files\devlop\.m2\repository\org\antlr\stringtemplate\3.2.1\stringtemplate-3.2.1.jar;D:\Program Files\devlop\.m2\repository\commons-codec\commons-codec\1.5\commons-codec-1.5.jar;D:\Program Files\devlop\.m2\repository\org\apache\tapestry\tapestry-json\5.3.7\tapestry-json-5.3.7.jar;D:\Program Files\devlop\.m2\repository\org\apache\tapestry\tapestry-ioc\5.3.7\tapestry-ioc-5.3.7.jar;D:\Program Files\devlop\.m2\repository\org\apache\tapestry\tapestry5-annotations\5.3.7\tapestry5-annotations-5.3.7.jar;D:\Program Files\devlop\.m2\repository\org\apache\tapestry\tapestry-func\5.3.7\tapestry-func-5.3.7.jar;D:\Program Files\devlop\.m2\repository\javax\inject\javax.inject\1\javax.inject-1.jar;D:\Program Files\devlop\.m2\repository\org\apache\tapestry\plastic\5.3.7\plastic-5.3.7.jar;D:\Program Files\devlop\.m2\repository\log4j\log4j\1.2.14\log4j-1.2.14.jar;D:\Program Files\devlop\.m2\repository\javassist\javassist\3.12.1.GA\javassist-3.12.1.GA.jar;D:\Program Files\devlop\.m2\repository\org\apache\tapestry\tapestry-yuicompressor\5.3.7\tapestry-yuicompressor-5.3.7.jar;D:\Program Files\devlop\.m2\repository\com\yahoo\platform\yui\yuicompressor\2.4.7\yuicompressor-2.4.7.jar;D:\Program Files\devlop\.m2\repository\rhino\js\1.6R7\js-1.6R7.jar;D:\Program Files\devlop\.m2\repository\org\testng\testng\5.14.10\testng-5.14.10.jar;D:\Program Files\devlop\.m2\repository\org\beanshell\bsh\2.0b4\bsh-2.0b4.jar;D:\Program Files\devlop\.m2\repository\com\beust\jcommander\1.12\jcommander-1.12.jar;D:\Program Files\devlop\.m2\repository\org\yaml\snakeyaml\1.6\snakeyaml-1.6.jar;D:\Program Files\devlop\.m2\repository\org\easymock\easymock\3.0\easymock-3.0.jar;D:\Program Files\devlop\.m2\repository\cglib\cglib-nodep\2.2\cglib-nodep-2.2.jar;D:\Program Files\devlop\.m2\repository\org\objenesis\objenesis\1.2\objenesis-1.2.jar;D:\Program Files\devlop\.m2\repository\org\apache\tapestry\tapestry-test\5.3.7\tapestry-test-5.3.7.jar;D:\Program Files\devlop\.m2\repository\org\seleniumhq\selenium\selenium-server\2.26.0\selenium-server-2.26.0.jar;D:\Program Files\devlop\.m2\repository\org\bouncycastle\bcprov-jdk15on\1.47\bcprov-jdk15on-1.47.jar;D:\Program Files\devlop\.m2\repository\org\bouncycastle\bcpkix-jdk15on\1.47\bcpkix-jdk15on-1.47.jar;D:\Program Files\devlop\.m2\repository\mx4j\mx4j-tools\3.0.1\mx4j-tools-3.0.1.jar;D:\Program Files\devlop\.m2\repository\org\mortbay\jetty\servlet-api-2.5\6.1.9\servlet-api-2.5-6.1.9.jar;D:\Program Files\devlop\.m2\repository\org\seleniumhq\selenium\jetty-repacked\7.6.1\jetty-repacked-7.6.1.jar;D:\Program Files\devlop\.m2\repository\net\jcip\jcip-annotations\1.0\jcip-annotations-1.0.jar;D:\Program Files\devlop\.m2\repository\org\eclipse\jetty\jetty-plus\7.0.0.v20091005\jetty-plus-7.0.0.v20091005.jar;D:\Program Files\devlop\.m2\repository\org\apache\geronimo\specs\geronimo-jta_1.1_spec\1.1.1\geronimo-jta_1.1_spec-1.1.1.jar;D:\Program Files\devlop\.m2\repository\org\eclipse\jetty\jetty-webapp\7.0.0.v20091005\jetty-webapp-7.0.0.v20091005.jar;D:\Program Files\devlop\.m2\repository\org\eclipse\jetty\jetty-xml\7.0.0.v20091005\jetty-xml-7.0.0.v20091005.jar;D:\Program Files\devlop\.m2\repository\org\eclipse\jetty\jetty-util\7.0.0.v20091005\jetty-util-7.0.0.v20091005.jar;D:\Program Files\devlop\.m2\repository\org\eclipse\jetty\jetty-servlet\7.0.0.v20091005\jetty-servlet-7.0.0.v20091005.jar;D:\Program Files\devlop\.m2\repository\org\eclipse\jetty\jetty-security\7.0.0.v20091005\jetty-security-7.0.0.v20091005.jar;D:\Program Files\devlop\.m2\repository\org\eclipse\jetty\jetty-jndi\7.0.0.v20091005\jetty-jndi-7.0.0.v20091005.jar;D:\Program Files\devlop\.m2\repository\javax\mail\mail\1.4\mail-1.4.jar;D:\Program Files\devlop\.m2\repository\org\eclipse\jetty\jetty-server\7.0.0.v20091005\jetty-server-7.0.0.v20091005.jar;D:\Program Files\devlop\.m2\repository\org\eclipse\jetty\jetty-continuation\7.0.0.v20091005\jetty-continuation-7.0.0.v20091005.jar;D:\Program Files\devlop\.m2\repository\org\eclipse\jetty\jetty-http\7.0.0.v20091005\jetty-http-7.0.0.v20091005.jar;D:\Program Files\devlop\.m2\repository\org\eclipse\jetty\jetty-io\7.0.0.v20091005\jetty-io-7.0.0.v20091005.jar;D:\Program Files\devlop\.m2\repository\org\seleniumhq\selenium\selenium-java\2.26.0\selenium-java-2.26.0.jar;D:\Program Files\devlop\.m2\repository\org\seleniumhq\selenium\selenium-android-driver\2.26.0\selenium-android-driver-2.26.0.jar;D:\Program Files\devlop\.m2\repository\org\seleniumhq\selenium\selenium-remote-driver\2.26.0\selenium-remote-driver-2.26.0.jar;D:\Program Files\devlop\.m2\repository\org\json\json\20080701\json-20080701.jar;D:\Program Files\devlop\.m2\repository\com\google\guava\guava\13.0.1\guava-13.0.1.jar;D:\Program Files\devlop\.m2\repository\org\seleniumhq\selenium\selenium-chrome-driver\2.26.0\selenium-chrome-driver-2.26.0.jar;D:\Program Files\devlop\.m2\repository\org\seleniumhq\selenium\selenium-htmlunit-driver\2.26.0\selenium-htmlunit-driver-2.26.0.jar;D:\Program Files\devlop\.m2\repository\org\seleniumhq\selenium\selenium-api\2.26.0\selenium-api-2.26.0.jar;D:\Program Files\devlop\.m2\repository\net\sourceforge\htmlunit\htmlunit\2.10\htmlunit-2.10.jar;D:\Program Files\devlop\.m2\repository\xalan\xalan\2.7.1\xalan-2.7.1.jar;D:\Program Files\devlop\.m2\repository\xalan\serializer\2.7.1\serializer-2.7.1.jar;D:\Program Files\devlop\.m2\repository\commons-collections\commons-collections\3.2.1\commons-collections-3.2.1.jar;D:\Program Files\devlop\.m2\repository\org\apache\httpcomponents\httpmime\4.2.1\httpmime-4.2.1.jar;D:\Program Files\devlop\.m2\repository\net\sourceforge\htmlunit\htmlunit-core-js\2.10\htmlunit-core-js-2.10.jar;D:\Program Files\devlop\.m2\repository\xerces\xercesImpl\2.9.1\xercesImpl-2.9.1.jar;D:\Program Files\devlop\.m2\repository\net\sourceforge\nekohtml\nekohtml\1.9.16\nekohtml-1.9.16.jar;D:\Program Files\devlop\.m2\repository\net\sourceforge\cssparser\cssparser\0.9.7\cssparser-0.9.7.jar;D:\Program Files\devlop\.m2\repository\org\w3c\css\sac\1.3\sac-1.3.jar;D:\Program Files\devlop\.m2\repository\org\apache\httpcomponents\httpclient\4.2.1\httpclient-4.2.1.jar;D:\Program Files\devlop\.m2\repository\org\apache\httpcomponents\httpcore\4.2.1\httpcore-4.2.1.jar;D:\Program Files\devlop\.m2\repository\org\seleniumhq\selenium\selenium-firefox-driver\2.26.0\selenium-firefox-driver-2.26.0.jar;D:\Program Files\devlop\.m2\repository\org\apache\commons\commons-exec\1.1\commons-exec-1.1.jar;D:\Program Files\devlop\.m2\repository\org\seleniumhq\selenium\selenium-ie-driver\2.26.0\selenium-ie-driver-2.26.0.jar;D:\Program Files\devlop\.m2\repository\net\java\dev\jna\jna\3.4.0\jna-3.4.0.jar;D:\Program Files\devlop\.m2\repository\net\java\dev\jna\platform\3.4.0\platform-3.4.0.jar;D:\Program Files\devlop\.m2\repository\org\seleniumhq\selenium\selenium-iphone-driver\2.26.0\selenium-iphone-driver-2.26.0.jar;D:\Program Files\devlop\.m2\repository\org\seleniumhq\selenium\selenium-safari-driver\2.26.0\selenium-safari-driver-2.26.0.jar;D:\Program Files\devlop\.m2\repository\org\seleniumhq\selenium\selenium-support\2.26.0\selenium-support-2.26.0.jar;D:\Program Files\devlop\.m2\repository\org\webbitserver\webbit\0.4.14\webbit-0.4.14.jar;D:\Program Files\devlop\.m2\repository\io\netty\netty\3.5.2.Final\netty-3.5.2.Final.jar;D:\Program Files\devlop\.m2\repository\org\apache\tomcat\dbcp\6.0.30\dbcp-6.0.30.jar;D:\Program Files\devlop\.m2\repository\org\apache\tomcat\coyote\6.0.30\coyote-6.0.30.jar;D:\Program Files\devlop\.m2\repository\org\apache\tomcat\servlet-api\6.0.30\servlet-api-6.0.30.jar;D:\Program Files\devlop\.m2\repository\org\apache\tomcat\juli\6.0.30\juli-6.0.30.jar;D:\Program Files\devlop\.m2\repository\org\apache\tomcat\catalina\6.0.30\catalina-6.0.30.jar;D:\Program Files\devlop\.m2\repository\org\apache\tomcat\annotations-api\6.0.30\annotations-api-6.0.30.jar;D:\Program Files\devlop\.m2\repository\javax\servlet\servlet-api\2.5\servlet-api-2.5.jar;D:\Program Files\devlop\.m2\repository\org\apache\tapestry\tapestry-javadoc\5.3.7\tapestry-javadoc-5.3.7.jar;D:\Program Files\devlop\.m2\repository\junit\junit\4.11\junit-4.11.jar;D:\Program Files\devlop\.m2\repository\org\hamcrest\hamcrest-core\1.3\hamcrest-core-1.3.jar;D:\Program Files\devlop\.m2\repository\org\activiti\activiti-engine\5.16.2\activiti-engine-5.16.2.jar;D:\Program Files\devlop\.m2\repository\org\activiti\activiti-bpmn-converter\5.16.2\activiti-bpmn-converter-5.16.2.jar;D:\Program Files\devlop\.m2\repository\org\activiti\activiti-bpmn-model\5.16.2\activiti-bpmn-model-5.16.2.jar;D:\Program Files\devlop\.m2\repository\org\activiti\activiti-process-validation\5.16.2\activiti-process-validation-5.16.2.jar;D:\Program Files\devlop\.m2\repository\org\activiti\activiti-image-generator\5.16.2\activiti-image-generator-5.16.2.jar;D:\Program Files\devlop\.m2\repository\org\apache\commons\commons-email\1.2\commons-email-1.2.jar;D:\Program Files\devlop\.m2\repository\javax\activation\activation\1.1\activation-1.1.jar;D:\Program Files\devlop\.m2\repository\org\apache\commons\commons-lang3\3.3.2\commons-lang3-3.3.2.jar;D:\Program Files\devlop\.m2\repository\org\mybatis\mybatis\3.2.5\mybatis-3.2.5.jar;D:\Program Files\devlop\.m2\repository\org\springframework\spring-beans\4.0.6.RELEASE\spring-beans-4.0.6.RELEASE.jar;D:\Program Files\devlop\.m2\repository\joda-time\joda-time\2.1\joda-time-2.1.jar;D:\Program Files\devlop\.m2\repository\org\slf4j\slf4j-api\1.7.6\slf4j-api-1.7.6.jar;D:\Program Files\devlop\.m2\repository\org\slf4j\jcl-over-slf4j\1.7.6\jcl-over-slf4j-1.7.6.jar;D:\Program Files\devlop\.m2\repository\org\activiti\activiti-spring\5.16.2\activiti-spring-5.16.2.jar;D:\Program Files\devlop\.m2\repository\org\springframework\spring-context\4.0.6.RELEASE\spring-context-4.0.6.RELEASE.jar;D:\Program Files\devlop\.m2\repository\org\springframework\spring-aop\4.0.6.RELEASE\spring-aop-4.0.6.RELEASE.jar;D:\Program Files\devlop\.m2\repository\aopalliance\aopalliance\1.0\aopalliance-1.0.jar;D:\Program Files\devlop\.m2\repository\org\springframework\spring-expression\4.0.6.RELEASE\spring-expression-4.0.6.RELEASE.jar;D:\Program Files\devlop\.m2\repository\org\springframework\spring-jdbc\4.0.6.RELEASE\spring-jdbc-4.0.6.RELEASE.jar;D:\Program Files\devlop\.m2\repository\org\springframework\spring-tx\4.0.6.RELEASE\spring-tx-4.0.6.RELEASE.jar;D:\Program Files\devlop\.m2\repository\org\springframework\spring-orm\4.0.6.RELEASE\spring-orm-4.0.6.RELEASE.jar;D:\Program Files\devlop\.m2\repository\commons-dbcp\commons-dbcp\1.4\commons-dbcp-1.4.jar;D:\Program Files\devlop\.m2\repository\commons-pool\commons-pool\1.5.4\commons-pool-1.5.4.jar;D:\Program Files\devlop\.m2\repository\org\activiti\activiti-explorer\5.16.2\activiti-explorer-5.16.2.jar;D:\Program Files\devlop\.m2\repository\org\activiti\activiti-json-converter\5.16.2\activiti-json-converter-5.16.2.jar;D:\Program Files\devlop\.m2\repository\math\geom2d\javaGeom\0.11.1\javaGeom-0.11.1.jar;D:\Program Files\devlop\.m2\repository\org\activiti\activiti-crystalball\5.16.2\activiti-crystalball-5.16.2.jar;D:\Program Files\devlop\.m2\repository\org\slf4j\slf4j-log4j12\1.7.6\slf4j-log4j12-1.7.6.jar;D:\Program Files\devlop\.m2\repository\org\springframework\spring-core\4.0.6.RELEASE\spring-core-4.0.6.RELEASE.jar;D:\Program Files\devlop\.m2\repository\org\springframework\spring-web\4.0.6.RELEASE\spring-web-4.0.6.RELEASE.jar;D:\Program Files\devlop\.m2\repository\org\imgscalr\imgscalr-lib\4.2\imgscalr-lib-4.2.jar;D:\Program Files\devlop\.m2\repository\commons-io\commons-io\2.0.1\commons-io-2.0.1.jar;D:\Program Files\devlop\.m2\repository\org\codehaus\groovy\groovy-all\2.1.3\groovy-all-2.1.3.jar;D:\Program Files\devlop\.m2\repository\org\activiti\activiti-modeler\5.16.2\activiti-modeler-5.16.2.jar;D:\Program Files\devlop\.m2\repository\org\activiti\activiti-common-rest\5.16.2\activiti-common-rest-5.16.2.jar;D:\Program Files\devlop\.m2\repository\org\restlet\jee\org.restlet\2.2.1\org.restlet-2.2.1.jar;D:\Program Files\devlop\.m2\repository\org\restlet\jee\org.restlet.ext.servlet\2.2.1\org.restlet.ext.servlet-2.2.1.jar;D:\Program Files\devlop\.m2\repository\org\restlet\jee\org.restlet.ext.jackson\2.2.1\org.restlet.ext.jackson-2.2.1.jar;D:\Program Files\devlop\.m2\repository\com\fasterxml\jackson\core\jackson-annotations\2.2.3\jackson-annotations-2.2.3.jar;D:\Program Files\devlop\.m2\repository\com\fasterxml\jackson\dataformat\jackson-dataformat-csv\2.2.3\jackson-dataformat-csv-2.2.3.jar;D:\Program Files\devlop\.m2\repository\com\fasterxml\jackson\dataformat\jackson-dataformat-smile\2.2.3\jackson-dataformat-smile-2.2.3.jar;D:\Program Files\devlop\.m2\repository\com\fasterxml\jackson\dataformat\jackson-dataformat-xml\2.2.3\jackson-dataformat-xml-2.2.3.jar;D:\Program Files\devlop\.m2\repository\com\fasterxml\jackson\dataformat\jackson-dataformat-yaml\2.2.3\jackson-dataformat-yaml-2.2.3.jar;D:\Program Files\devlop\.m2\repository\com\fasterxml\jackson\module\jackson-module-jaxb-annotations\2.2.3\jackson-module-jaxb-annotations-2.2.3.jar;D:\Program Files\devlop\.m2\repository\org\codehaus\woodstox\woodstox-core-asl\4.2.0\woodstox-core-asl-4.2.0.jar;D:\Program Files\devlop\.m2\repository\javax\xml\stream\stax-api\1.0-2\stax-api-1.0-2.jar;D:\Program Files\devlop\.m2\repository\org\codehaus\woodstox\stax2-api\3.1.3\stax2-api-3.1.3.jar;D:\Program Files\devlop\.m2\repository\org\restlet\jee\org.restlet.ext.fileupload\2.2.1\org.restlet.ext.fileupload-2.2.1.jar;D:\Program Files\devlop\.m2\repository\commons-fileupload\commons-fileupload\1.3\commons-fileupload-1.3.jar;D:\Program Files\devlop\.m2\repository\com\fasterxml\jackson\core\jackson-core\2.2.3\jackson-core-2.2.3.jar;D:\Program Files\devlop\.m2\repository\com\fasterxml\jackson\core\jackson-databind\2.2.3\jackson-databind-2.2.3.jar;D:\Program Files\devlop\.m2\repository\org\apache\xmlgraphics\batik-parser\1.7\batik-parser-1.7.jar;D:\Program Files\devlop\.m2\repository\org\apache\xmlgraphics\batik-awt-util\1.7\batik-awt-util-1.7.jar;D:\Program Files\devlop\.m2\repository\org\apache\xmlgraphics\batik-util\1.7\batik-util-1.7.jar;D:\Program Files\devlop\.m2\repository\org\apache\xmlgraphics\batik-xml\1.7\batik-xml-1.7.jar;D:\Program Files\devlop\.m2\repository\org\apache\xmlgraphics\batik-transcoder\1.7\batik-transcoder-1.7.jar;D:\Program Files\devlop\.m2\repository\org\apache\xmlgraphics\fop\0.94\fop-0.94.jar;D:\Program Files\devlop\.m2\repository\org\apache\xmlgraphics\xmlgraphics-commons\1.2\xmlgraphics-commons-1.2.jar;D:\Program Files\devlop\.m2\repository\commons-logging\commons-logging\1.0.4\commons-logging-1.0.4.jar;D:\Program Files\devlop\.m2\repository\org\apache\avalon\framework\avalon-framework-api\4.3.1\avalon-framework-api-4.3.1.jar;D:\Program Files\devlop\.m2\repository\org\apache\avalon\framework\avalon-framework-impl\4.3.1\avalon-framework-impl-4.3.1.jar;D:\Program Files\devlop\.m2\repository\org\apache\xmlgraphics\batik-dom\1.7\batik-dom-1.7.jar;D:\Program Files\devlop\.m2\repository\org\apache\xmlgraphics\batik-gvt\1.7\batik-gvt-1.7.jar;D:\Program Files\devlop\.m2\repository\xml-apis\xml-apis-ext\1.3.04\xml-apis-ext-1.3.04.jar;D:\Program Files\devlop\.m2\repository\org\apache\xmlgraphics\batik-bridge\1.7\batik-bridge-1.7.jar;D:\Program Files\devlop\.m2\repository\org\apache\xmlgraphics\batik-anim\1.7\batik-anim-1.7.jar;D:\Program Files\devlop\.m2\repository\org\apache\xmlgraphics\batik-ext\1.7\batik-ext-1.7.jar;D:\Program Files\devlop\.m2\repository\org\apache\xmlgraphics\batik-script\1.7\batik-script-1.7.jar;D:\Program Files\devlop\.m2\repository\org\apache\xmlgraphics\batik-js\1.7\batik-js-1.7.jar;D:\Program Files\devlop\.m2\repository\xml-apis\xml-apis\1.3.04\xml-apis-1.3.04.jar;D:\Program Files\devlop\.m2\repository\org\apache\xmlgraphics\batik-codec\1.7\batik-codec-1.7.jar;D:\Program Files\devlop\.m2\repository\org\apache\xmlgraphics\batik-css\1.7\batik-css-1.7.jar;D:\Program Files\devlop\.m2\repository\org\apache\xmlgraphics\batik-svg-dom\1.7\batik-svg-dom-1.7.jar;D:\Program Files\devlop\.m2\repository\org\apache\xmlgraphics\batik-svggen\1.7\batik-svggen-1.7.jar;D:\Program Files\devlop\.m2\repository\org\hibernate\hibernate-core\4.3.6.Final\hibernate-core-4.3.6.Final.jar;D:\Program Files\devlop\.m2\repository\org\jboss\logging\jboss-logging\3.1.3.GA\jboss-logging-3.1.3.GA.jar;D:\Program Files\devlop\.m2\repository\org\jboss\logging\jboss-logging-annotations\1.2.0.Beta1\jboss-logging-annotations-1.2.0.Beta1.jar;D:\Program Files\devlop\.m2\repository\org\jboss\spec\javax\transaction\jboss-transaction-api_1.2_spec\1.0.0.Final\jboss-transaction-api_1.2_spec-1.0.0.Final.jar;D:\Program Files\devlop\.m2\repository\dom4j\dom4j\1.6.1\dom4j-1.6.1.jar;D:\Program Files\devlop\.m2\repository\org\hibernate\common\hibernate-commons-annotations\4.0.5.Final\hibernate-commons-annotations-4.0.5.Final.jar;D:\Program Files\devlop\.m2\repository\org\hibernate\javax\persistence\hibernate-jpa-2.1-api\1.0.0.Final\hibernate-jpa-2.1-api-1.0.0.Final.jar;D:\Program Files\devlop\.m2\repository\org\javassist\javassist\3.18.1-GA\javassist-3.18.1-GA.jar;D:\Program Files\devlop\.m2\repository\antlr\antlr\2.7.7\antlr-2.7.7.jar;D:\Program Files\devlop\.m2\repository\org\jboss\jandex\1.1.0.Final\jandex-1.1.0.Final.jar;D:\Program Files\devlop\.m2\repository\org\hibernate\hibernate-ehcache\4.3.6.Final\hibernate-ehcache-4.3.6.Final.jar;D:\Program Files\devlop\.m2\repository\com\mchange\c3p0\0.9.5-pre1\c3p0-0.9.5-pre1.jar;D:\Program Files\devlop\.m2\repository\com\mchange\mchange-commons-java\0.2.4\mchange-commons-java-0.2.4.jar;D:\Program Files\devlop\.m2\repository\mysql\mysql-connector-java\5.1.23\mysql-connector-java-5.1.23.jar;D:\Program Files\devlop\.m2\repository\com\h2database\h2\1.3.170\h2-1.3.170.jar;"/>
    <property name="java.specification.name" value="Java Platform API Specification"/>
    <property name="java.class.version" value="50.0"/>
    <property name="sun.management.compiler" value="HotSpot Client Compiler"/>
    <property name="os.version" value="6.1"/>
    <property name="user.home" value="C:\Users\MG"/>
    <property name="user.timezone" value="Asia/Shanghai"/>
    <property name="java.awt.printerjob" value="sun.awt.windows.WPrinterJob"/>
    <property name="java.specification.version" value="1.6"/>
    <property name="file.encoding" value="GBK"/>
    <property name="user.name" value="MG"/>
    <property name="java.class.path" value="F:\redcode_source\ares\ares-activiti\target\test-classes;F:\redcode_source\ares\ares-activiti\target\classes;D:\Program Files\devlop\.m2\repository\org\apache\tapestry\tapestry-core\5.3.7\tapestry-core-5.3.7.jar;D:\Program Files\devlop\.m2\repository\org\antlr\antlr-runtime\3.3\antlr-runtime-3.3.jar;D:\Program Files\devlop\.m2\repository\org\antlr\stringtemplate\3.2.1\stringtemplate-3.2.1.jar;D:\Program Files\devlop\.m2\repository\commons-codec\commons-codec\1.5\commons-codec-1.5.jar;D:\Program Files\devlop\.m2\repository\org\apache\tapestry\tapestry-json\5.3.7\tapestry-json-5.3.7.jar;D:\Program Files\devlop\.m2\repository\org\apache\tapestry\tapestry-ioc\5.3.7\tapestry-ioc-5.3.7.jar;D:\Program Files\devlop\.m2\repository\org\apache\tapestry\tapestry5-annotations\5.3.7\tapestry5-annotations-5.3.7.jar;D:\Program Files\devlop\.m2\repository\org\apache\tapestry\tapestry-func\5.3.7\tapestry-func-5.3.7.jar;D:\Program Files\devlop\.m2\repository\javax\inject\javax.inject\1\javax.inject-1.jar;D:\Program Files\devlop\.m2\repository\org\apache\tapestry\plastic\5.3.7\plastic-5.3.7.jar;D:\Program Files\devlop\.m2\repository\log4j\log4j\1.2.14\log4j-1.2.14.jar;D:\Program Files\devlop\.m2\repository\javassist\javassist\3.12.1.GA\javassist-3.12.1.GA.jar;D:\Program Files\devlop\.m2\repository\org\apache\tapestry\tapestry-yuicompressor\5.3.7\tapestry-yuicompressor-5.3.7.jar;D:\Program Files\devlop\.m2\repository\com\yahoo\platform\yui\yuicompressor\2.4.7\yuicompressor-2.4.7.jar;D:\Program Files\devlop\.m2\repository\rhino\js\1.6R7\js-1.6R7.jar;D:\Program Files\devlop\.m2\repository\org\testng\testng\5.14.10\testng-5.14.10.jar;D:\Program Files\devlop\.m2\repository\org\beanshell\bsh\2.0b4\bsh-2.0b4.jar;D:\Program Files\devlop\.m2\repository\com\beust\jcommander\1.12\jcommander-1.12.jar;D:\Program Files\devlop\.m2\repository\org\yaml\snakeyaml\1.6\snakeyaml-1.6.jar;D:\Program Files\devlop\.m2\repository\org\easymock\easymock\3.0\easymock-3.0.jar;D:\Program Files\devlop\.m2\repository\cglib\cglib-nodep\2.2\cglib-nodep-2.2.jar;D:\Program Files\devlop\.m2\repository\org\objenesis\objenesis\1.2\objenesis-1.2.jar;D:\Program Files\devlop\.m2\repository\org\apache\tapestry\tapestry-test\5.3.7\tapestry-test-5.3.7.jar;D:\Program Files\devlop\.m2\repository\org\seleniumhq\selenium\selenium-server\2.26.0\selenium-server-2.26.0.jar;D:\Program Files\devlop\.m2\repository\org\bouncycastle\bcprov-jdk15on\1.47\bcprov-jdk15on-1.47.jar;D:\Program Files\devlop\.m2\repository\org\bouncycastle\bcpkix-jdk15on\1.47\bcpkix-jdk15on-1.47.jar;D:\Program Files\devlop\.m2\repository\mx4j\mx4j-tools\3.0.1\mx4j-tools-3.0.1.jar;D:\Program Files\devlop\.m2\repository\org\mortbay\jetty\servlet-api-2.5\6.1.9\servlet-api-2.5-6.1.9.jar;D:\Program Files\devlop\.m2\repository\org\seleniumhq\selenium\jetty-repacked\7.6.1\jetty-repacked-7.6.1.jar;D:\Program Files\devlop\.m2\repository\net\jcip\jcip-annotations\1.0\jcip-annotations-1.0.jar;D:\Program Files\devlop\.m2\repository\org\eclipse\jetty\jetty-plus\7.0.0.v20091005\jetty-plus-7.0.0.v20091005.jar;D:\Program Files\devlop\.m2\repository\org\apache\geronimo\specs\geronimo-jta_1.1_spec\1.1.1\geronimo-jta_1.1_spec-1.1.1.jar;D:\Program Files\devlop\.m2\repository\org\eclipse\jetty\jetty-webapp\7.0.0.v20091005\jetty-webapp-7.0.0.v20091005.jar;D:\Program Files\devlop\.m2\repository\org\eclipse\jetty\jetty-xml\7.0.0.v20091005\jetty-xml-7.0.0.v20091005.jar;D:\Program Files\devlop\.m2\repository\org\eclipse\jetty\jetty-util\7.0.0.v20091005\jetty-util-7.0.0.v20091005.jar;D:\Program Files\devlop\.m2\repository\org\eclipse\jetty\jetty-servlet\7.0.0.v20091005\jetty-servlet-7.0.0.v20091005.jar;D:\Program Files\devlop\.m2\repository\org\eclipse\jetty\jetty-security\7.0.0.v20091005\jetty-security-7.0.0.v20091005.jar;D:\Program Files\devlop\.m2\repository\org\eclipse\jetty\jetty-jndi\7.0.0.v20091005\jetty-jndi-7.0.0.v20091005.jar;D:\Program Files\devlop\.m2\repository\javax\mail\mail\1.4\mail-1.4.jar;D:\Program Files\devlop\.m2\repository\org\eclipse\jetty\jetty-server\7.0.0.v20091005\jetty-server-7.0.0.v20091005.jar;D:\Program Files\devlop\.m2\repository\org\eclipse\jetty\jetty-continuation\7.0.0.v20091005\jetty-continuation-7.0.0.v20091005.jar;D:\Program Files\devlop\.m2\repository\org\eclipse\jetty\jetty-http\7.0.0.v20091005\jetty-http-7.0.0.v20091005.jar;D:\Program Files\devlop\.m2\repository\org\eclipse\jetty\jetty-io\7.0.0.v20091005\jetty-io-7.0.0.v20091005.jar;D:\Program Files\devlop\.m2\repository\org\seleniumhq\selenium\selenium-java\2.26.0\selenium-java-2.26.0.jar;D:\Program Files\devlop\.m2\repository\org\seleniumhq\selenium\selenium-android-driver\2.26.0\selenium-android-driver-2.26.0.jar;D:\Program Files\devlop\.m2\repository\org\seleniumhq\selenium\selenium-remote-driver\2.26.0\selenium-remote-driver-2.26.0.jar;D:\Program Files\devlop\.m2\repository\org\json\json\20080701\json-20080701.jar;D:\Program Files\devlop\.m2\repository\com\google\guava\guava\13.0.1\guava-13.0.1.jar;D:\Program Files\devlop\.m2\repository\org\seleniumhq\selenium\selenium-chrome-driver\2.26.0\selenium-chrome-driver-2.26.0.jar;D:\Program Files\devlop\.m2\repository\org\seleniumhq\selenium\selenium-htmlunit-driver\2.26.0\selenium-htmlunit-driver-2.26.0.jar;D:\Program Files\devlop\.m2\repository\org\seleniumhq\selenium\selenium-api\2.26.0\selenium-api-2.26.0.jar;D:\Program Files\devlop\.m2\repository\net\sourceforge\htmlunit\htmlunit\2.10\htmlunit-2.10.jar;D:\Program Files\devlop\.m2\repository\xalan\xalan\2.7.1\xalan-2.7.1.jar;D:\Program Files\devlop\.m2\repository\xalan\serializer\2.7.1\serializer-2.7.1.jar;D:\Program Files\devlop\.m2\repository\commons-collections\commons-collections\3.2.1\commons-collections-3.2.1.jar;D:\Program Files\devlop\.m2\repository\org\apache\httpcomponents\httpmime\4.2.1\httpmime-4.2.1.jar;D:\Program Files\devlop\.m2\repository\net\sourceforge\htmlunit\htmlunit-core-js\2.10\htmlunit-core-js-2.10.jar;D:\Program Files\devlop\.m2\repository\xerces\xercesImpl\2.9.1\xercesImpl-2.9.1.jar;D:\Program Files\devlop\.m2\repository\net\sourceforge\nekohtml\nekohtml\1.9.16\nekohtml-1.9.16.jar;D:\Program Files\devlop\.m2\repository\net\sourceforge\cssparser\cssparser\0.9.7\cssparser-0.9.7.jar;D:\Program Files\devlop\.m2\repository\org\w3c\css\sac\1.3\sac-1.3.jar;D:\Program Files\devlop\.m2\repository\org\apache\httpcomponents\httpclient\4.2.1\httpclient-4.2.1.jar;D:\Program Files\devlop\.m2\repository\org\apache\httpcomponents\httpcore\4.2.1\httpcore-4.2.1.jar;D:\Program Files\devlop\.m2\repository\org\seleniumhq\selenium\selenium-firefox-driver\2.26.0\selenium-firefox-driver-2.26.0.jar;D:\Program Files\devlop\.m2\repository\org\apache\commons\commons-exec\1.1\commons-exec-1.1.jar;D:\Program Files\devlop\.m2\repository\org\seleniumhq\selenium\selenium-ie-driver\2.26.0\selenium-ie-driver-2.26.0.jar;D:\Program Files\devlop\.m2\repository\net\java\dev\jna\jna\3.4.0\jna-3.4.0.jar;D:\Program Files\devlop\.m2\repository\net\java\dev\jna\platform\3.4.0\platform-3.4.0.jar;D:\Program Files\devlop\.m2\repository\org\seleniumhq\selenium\selenium-iphone-driver\2.26.0\selenium-iphone-driver-2.26.0.jar;D:\Program Files\devlop\.m2\repository\org\seleniumhq\selenium\selenium-safari-driver\2.26.0\selenium-safari-driver-2.26.0.jar;D:\Program Files\devlop\.m2\repository\org\seleniumhq\selenium\selenium-support\2.26.0\selenium-support-2.26.0.jar;D:\Program Files\devlop\.m2\repository\org\webbitserver\webbit\0.4.14\webbit-0.4.14.jar;D:\Program Files\devlop\.m2\repository\io\netty\netty\3.5.2.Final\netty-3.5.2.Final.jar;D:\Program Files\devlop\.m2\repository\org\apache\tomcat\dbcp\6.0.30\dbcp-6.0.30.jar;D:\Program Files\devlop\.m2\repository\org\apache\tomcat\coyote\6.0.30\coyote-6.0.30.jar;D:\Program Files\devlop\.m2\repository\org\apache\tomcat\servlet-api\6.0.30\servlet-api-6.0.30.jar;D:\Program Files\devlop\.m2\repository\org\apache\tomcat\juli\6.0.30\juli-6.0.30.jar;D:\Program Files\devlop\.m2\repository\org\apache\tomcat\catalina\6.0.30\catalina-6.0.30.jar;D:\Program Files\devlop\.m2\repository\org\apache\tomcat\annotations-api\6.0.30\annotations-api-6.0.30.jar;D:\Program Files\devlop\.m2\repository\javax\servlet\servlet-api\2.5\servlet-api-2.5.jar;D:\Program Files\devlop\.m2\repository\org\apache\tapestry\tapestry-javadoc\5.3.7\tapestry-javadoc-5.3.7.jar;D:\Program Files\devlop\.m2\repository\junit\junit\4.11\junit-4.11.jar;D:\Program Files\devlop\.m2\repository\org\hamcrest\hamcrest-core\1.3\hamcrest-core-1.3.jar;D:\Program Files\devlop\.m2\repository\org\activiti\activiti-engine\5.16.2\activiti-engine-5.16.2.jar;D:\Program Files\devlop\.m2\repository\org\activiti\activiti-bpmn-converter\5.16.2\activiti-bpmn-converter-5.16.2.jar;D:\Program Files\devlop\.m2\repository\org\activiti\activiti-bpmn-model\5.16.2\activiti-bpmn-model-5.16.2.jar;D:\Program Files\devlop\.m2\repository\org\activiti\activiti-process-validation\5.16.2\activiti-process-validation-5.16.2.jar;D:\Program Files\devlop\.m2\repository\org\activiti\activiti-image-generator\5.16.2\activiti-image-generator-5.16.2.jar;D:\Program Files\devlop\.m2\repository\org\apache\commons\commons-email\1.2\commons-email-1.2.jar;D:\Program Files\devlop\.m2\repository\javax\activation\activation\1.1\activation-1.1.jar;D:\Program Files\devlop\.m2\repository\org\apache\commons\commons-lang3\3.3.2\commons-lang3-3.3.2.jar;D:\Program Files\devlop\.m2\repository\org\mybatis\mybatis\3.2.5\mybatis-3.2.5.jar;D:\Program Files\devlop\.m2\repository\org\springframework\spring-beans\4.0.6.RELEASE\spring-beans-4.0.6.RELEASE.jar;D:\Program Files\devlop\.m2\repository\joda-time\joda-time\2.1\joda-time-2.1.jar;D:\Program Files\devlop\.m2\repository\org\slf4j\slf4j-api\1.7.6\slf4j-api-1.7.6.jar;D:\Program Files\devlop\.m2\repository\org\slf4j\jcl-over-slf4j\1.7.6\jcl-over-slf4j-1.7.6.jar;D:\Program Files\devlop\.m2\repository\org\activiti\activiti-spring\5.16.2\activiti-spring-5.16.2.jar;D:\Program Files\devlop\.m2\repository\org\springframework\spring-context\4.0.6.RELEASE\spring-context-4.0.6.RELEASE.jar;D:\Program Files\devlop\.m2\repository\org\springframework\spring-aop\4.0.6.RELEASE\spring-aop-4.0.6.RELEASE.jar;D:\Program Files\devlop\.m2\repository\aopalliance\aopalliance\1.0\aopalliance-1.0.jar;D:\Program Files\devlop\.m2\repository\org\springframework\spring-expression\4.0.6.RELEASE\spring-expression-4.0.6.RELEASE.jar;D:\Program Files\devlop\.m2\repository\org\springframework\spring-jdbc\4.0.6.RELEASE\spring-jdbc-4.0.6.RELEASE.jar;D:\Program Files\devlop\.m2\repository\org\springframework\spring-tx\4.0.6.RELEASE\spring-tx-4.0.6.RELEASE.jar;D:\Program Files\devlop\.m2\repository\org\springframework\spring-orm\4.0.6.RELEASE\spring-orm-4.0.6.RELEASE.jar;D:\Program Files\devlop\.m2\repository\commons-dbcp\commons-dbcp\1.4\commons-dbcp-1.4.jar;D:\Program Files\devlop\.m2\repository\commons-pool\commons-pool\1.5.4\commons-pool-1.5.4.jar;D:\Program Files\devlop\.m2\repository\org\activiti\activiti-explorer\5.16.2\activiti-explorer-5.16.2.jar;D:\Program Files\devlop\.m2\repository\org\activiti\activiti-json-converter\5.16.2\activiti-json-converter-5.16.2.jar;D:\Program Files\devlop\.m2\repository\math\geom2d\javaGeom\0.11.1\javaGeom-0.11.1.jar;D:\Program Files\devlop\.m2\repository\org\activiti\activiti-crystalball\5.16.2\activiti-crystalball-5.16.2.jar;D:\Program Files\devlop\.m2\repository\org\slf4j\slf4j-log4j12\1.7.6\slf4j-log4j12-1.7.6.jar;D:\Program Files\devlop\.m2\repository\org\springframework\spring-core\4.0.6.RELEASE\spring-core-4.0.6.RELEASE.jar;D:\Program Files\devlop\.m2\repository\org\springframework\spring-web\4.0.6.RELEASE\spring-web-4.0.6.RELEASE.jar;D:\Program Files\devlop\.m2\repository\org\imgscalr\imgscalr-lib\4.2\imgscalr-lib-4.2.jar;D:\Program Files\devlop\.m2\repository\commons-io\commons-io\2.0.1\commons-io-2.0.1.jar;D:\Program Files\devlop\.m2\repository\org\codehaus\groovy\groovy-all\2.1.3\groovy-all-2.1.3.jar;D:\Program Files\devlop\.m2\repository\org\activiti\activiti-modeler\5.16.2\activiti-modeler-5.16.2.jar;D:\Program Files\devlop\.m2\repository\org\activiti\activiti-common-rest\5.16.2\activiti-common-rest-5.16.2.jar;D:\Program Files\devlop\.m2\repository\org\restlet\jee\org.restlet\2.2.1\org.restlet-2.2.1.jar;D:\Program Files\devlop\.m2\repository\org\restlet\jee\org.restlet.ext.servlet\2.2.1\org.restlet.ext.servlet-2.2.1.jar;D:\Program Files\devlop\.m2\repository\org\restlet\jee\org.restlet.ext.jackson\2.2.1\org.restlet.ext.jackson-2.2.1.jar;D:\Program Files\devlop\.m2\repository\com\fasterxml\jackson\core\jackson-annotations\2.2.3\jackson-annotations-2.2.3.jar;D:\Program Files\devlop\.m2\repository\com\fasterxml\jackson\dataformat\jackson-dataformat-csv\2.2.3\jackson-dataformat-csv-2.2.3.jar;D:\Program Files\devlop\.m2\repository\com\fasterxml\jackson\dataformat\jackson-dataformat-smile\2.2.3\jackson-dataformat-smile-2.2.3.jar;D:\Program Files\devlop\.m2\repository\com\fasterxml\jackson\dataformat\jackson-dataformat-xml\2.2.3\jackson-dataformat-xml-2.2.3.jar;D:\Program Files\devlop\.m2\repository\com\fasterxml\jackson\dataformat\jackson-dataformat-yaml\2.2.3\jackson-dataformat-yaml-2.2.3.jar;D:\Program Files\devlop\.m2\repository\com\fasterxml\jackson\module\jackson-module-jaxb-annotations\2.2.3\jackson-module-jaxb-annotations-2.2.3.jar;D:\Program Files\devlop\.m2\repository\org\codehaus\woodstox\woodstox-core-asl\4.2.0\woodstox-core-asl-4.2.0.jar;D:\Program Files\devlop\.m2\repository\javax\xml\stream\stax-api\1.0-2\stax-api-1.0-2.jar;D:\Program Files\devlop\.m2\repository\org\codehaus\woodstox\stax2-api\3.1.3\stax2-api-3.1.3.jar;D:\Program Files\devlop\.m2\repository\org\restlet\jee\org.restlet.ext.fileupload\2.2.1\org.restlet.ext.fileupload-2.2.1.jar;D:\Program Files\devlop\.m2\repository\commons-fileupload\commons-fileupload\1.3\commons-fileupload-1.3.jar;D:\Program Files\devlop\.m2\repository\com\fasterxml\jackson\core\jackson-core\2.2.3\jackson-core-2.2.3.jar;D:\Program Files\devlop\.m2\repository\com\fasterxml\jackson\core\jackson-databind\2.2.3\jackson-databind-2.2.3.jar;D:\Program Files\devlop\.m2\repository\org\apache\xmlgraphics\batik-parser\1.7\batik-parser-1.7.jar;D:\Program Files\devlop\.m2\repository\org\apache\xmlgraphics\batik-awt-util\1.7\batik-awt-util-1.7.jar;D:\Program Files\devlop\.m2\repository\org\apache\xmlgraphics\batik-util\1.7\batik-util-1.7.jar;D:\Program Files\devlop\.m2\repository\org\apache\xmlgraphics\batik-xml\1.7\batik-xml-1.7.jar;D:\Program Files\devlop\.m2\repository\org\apache\xmlgraphics\batik-transcoder\1.7\batik-transcoder-1.7.jar;D:\Program Files\devlop\.m2\repository\org\apache\xmlgraphics\fop\0.94\fop-0.94.jar;D:\Program Files\devlop\.m2\repository\org\apache\xmlgraphics\xmlgraphics-commons\1.2\xmlgraphics-commons-1.2.jar;D:\Program Files\devlop\.m2\repository\commons-logging\commons-logging\1.0.4\commons-logging-1.0.4.jar;D:\Program Files\devlop\.m2\repository\org\apache\avalon\framework\avalon-framework-api\4.3.1\avalon-framework-api-4.3.1.jar;D:\Program Files\devlop\.m2\repository\org\apache\avalon\framework\avalon-framework-impl\4.3.1\avalon-framework-impl-4.3.1.jar;D:\Program Files\devlop\.m2\repository\org\apache\xmlgraphics\batik-dom\1.7\batik-dom-1.7.jar;D:\Program Files\devlop\.m2\repository\org\apache\xmlgraphics\batik-gvt\1.7\batik-gvt-1.7.jar;D:\Program Files\devlop\.m2\repository\xml-apis\xml-apis-ext\1.3.04\xml-apis-ext-1.3.04.jar;D:\Program Files\devlop\.m2\repository\org\apache\xmlgraphics\batik-bridge\1.7\batik-bridge-1.7.jar;D:\Program Files\devlop\.m2\repository\org\apache\xmlgraphics\batik-anim\1.7\batik-anim-1.7.jar;D:\Program Files\devlop\.m2\repository\org\apache\xmlgraphics\batik-ext\1.7\batik-ext-1.7.jar;D:\Program Files\devlop\.m2\repository\org\apache\xmlgraphics\batik-script\1.7\batik-script-1.7.jar;D:\Program Files\devlop\.m2\repository\org\apache\xmlgraphics\batik-js\1.7\batik-js-1.7.jar;D:\Program Files\devlop\.m2\repository\xml-apis\xml-apis\1.3.04\xml-apis-1.3.04.jar;D:\Program Files\devlop\.m2\repository\org\apache\xmlgraphics\batik-codec\1.7\batik-codec-1.7.jar;D:\Program Files\devlop\.m2\repository\org\apache\xmlgraphics\batik-css\1.7\batik-css-1.7.jar;D:\Program Files\devlop\.m2\repository\org\apache\xmlgraphics\batik-svg-dom\1.7\batik-svg-dom-1.7.jar;D:\Program Files\devlop\.m2\repository\org\apache\xmlgraphics\batik-svggen\1.7\batik-svggen-1.7.jar;D:\Program Files\devlop\.m2\repository\org\hibernate\hibernate-core\4.3.6.Final\hibernate-core-4.3.6.Final.jar;D:\Program Files\devlop\.m2\repository\org\jboss\logging\jboss-logging\3.1.3.GA\jboss-logging-3.1.3.GA.jar;D:\Program Files\devlop\.m2\repository\org\jboss\logging\jboss-logging-annotations\1.2.0.Beta1\jboss-logging-annotations-1.2.0.Beta1.jar;D:\Program Files\devlop\.m2\repository\org\jboss\spec\javax\transaction\jboss-transaction-api_1.2_spec\1.0.0.Final\jboss-transaction-api_1.2_spec-1.0.0.Final.jar;D:\Program Files\devlop\.m2\repository\dom4j\dom4j\1.6.1\dom4j-1.6.1.jar;D:\Program Files\devlop\.m2\repository\org\hibernate\common\hibernate-commons-annotations\4.0.5.Final\hibernate-commons-annotations-4.0.5.Final.jar;D:\Program Files\devlop\.m2\repository\org\hibernate\javax\persistence\hibernate-jpa-2.1-api\1.0.0.Final\hibernate-jpa-2.1-api-1.0.0.Final.jar;D:\Program Files\devlop\.m2\repository\org\javassist\javassist\3.18.1-GA\javassist-3.18.1-GA.jar;D:\Program Files\devlop\.m2\repository\antlr\antlr\2.7.7\antlr-2.7.7.jar;D:\Program Files\devlop\.m2\repository\org\jboss\jandex\1.1.0.Final\jandex-1.1.0.Final.jar;D:\Program Files\devlop\.m2\repository\org\hibernate\hibernate-ehcache\4.3.6.Final\hibernate-ehcache-4.3.6.Final.jar;D:\Program Files\devlop\.m2\repository\com\mchange\c3p0\0.9.5-pre1\c3p0-0.9.5-pre1.jar;D:\Program Files\devlop\.m2\repository\com\mchange\mchange-commons-java\0.2.4\mchange-commons-java-0.2.4.jar;D:\Program Files\devlop\.m2\repository\mysql\mysql-connector-java\5.1.23\mysql-connector-java-5.1.23.jar;D:\Program Files\devlop\.m2\repository\com\h2database\h2\1.3.170\h2-1.3.170.jar;"/>
    <property name="java.vm.specification.version" value="1.0"/>
    <property name="sun.arch.data.model" value="32"/>
    <property name="java.home" value="C:\Program Files\Java\jdk1.6.0_10\jre"/>
    <property name="java.specification.vendor" value="Sun Microsystems Inc."/>
    <property name="user.language" value="zh"/>
    <property name="awt.toolkit" value="sun.awt.windows.WToolkit"/>
    <property name="java.vm.info" value="mixed mode, sharing"/>
    <property name="java.version" value="1.6.0_10-rc2"/>
    <property name="java.ext.dirs" value="C:\Program Files\Java\jdk1.6.0_10\jre\lib\ext;C:\Windows\Sun\Java\lib\ext"/>
    <property name="sun.boot.class.path" value="C:\Program Files\Java\jdk1.6.0_10\jre\lib\resources.jar;C:\Program Files\Java\jdk1.6.0_10\jre\lib\rt.jar;C:\Program Files\Java\jdk1.6.0_10\jre\lib\sunrsasign.jar;C:\Program Files\Java\jdk1.6.0_10\jre\lib\jsse.jar;C:\Program Files\Java\jdk1.6.0_10\jre\lib\jce.jar;C:\Program Files\Java\jdk1.6.0_10\jre\lib\charsets.jar;C:\Program Files\Java\jdk1.6.0_10\jre\classes"/>
    <property name="java.vendor" value="Sun Microsystems Inc."/>
    <property name="localRepository" value="D:\Program Files\devlop\.m2\repository"/>
    <property name="file.separator" value="\"/>
    <property name="java.vendor.url.bug" value="http://java.sun.com/cgi-bin/bugreport.cgi"/>
    <property name="sun.cpu.endian" value="little"/>
    <property name="sun.io.unicode.encoding" value="UnicodeLittle"/>
    <property name="sun.desktop" value="windows"/>
    <property name="sun.cpu.isalist" value="pentium_pro+mmx pentium_pro pentium+mmx pentium i486 i386 i86"/>
  </properties>
</testsuite>